<?xml version="1.0" encoding="UTF-8"?>
<!-- Generated by org.testng.reporters.JUnitReportReporter -->
<testsuite hostname="DESKTOP-L87KDEL" name="com.test.LoginPageTest" tests="1" failures="0" timestamp="15 Oct 2018 04:29:26 GMT" time="15.402" errors="0">
  <testcase name="Login" time="15.402" classname="com.test.LoginPageTest"/>
</testsuite> <!-- com.test.LoginPageTest -->
