<?xml version="1.0" encoding="UTF-8"?>
<!-- Generated by org.testng.reporters.JUnitReportReporter -->
<testsuite hostname="DESKTOP-L87KDEL" name="com.test.HomePageTest" tests="1" failures="0" timestamp="15 Oct 2018 04:29:26 GMT" time="29.167" errors="0">
  <testcase name="SignUp" time="29.167" classname="com.test.HomePageTest"/>
</testsuite> <!-- com.test.HomePageTest -->
