<?xml version="1.0" encoding="UTF-8"?>
<!-- Generated by org.testng.reporters.JUnitReportReporter -->
<testsuite hostname="DESKTOP-L87KDEL" name="com.test.LoginPageTest" tests="1" failures="0" timestamp="16 Oct 2018 02:38:39 GMT" time="21.260" errors="0">
  <testcase name="Login" time="21.260" classname="com.test.LoginPageTest"/>
</testsuite> <!-- com.test.LoginPageTest -->
