<?xml version="1.0" encoding="UTF-8"?>
<!-- Generated by org.testng.reporters.JUnitReportReporter -->
<testsuite hostname="DESKTOP-L87KDEL" name="com.test.HomePageTest" tests="1" failures="0" timestamp="16 Oct 2018 02:38:39 GMT" time="33.755" errors="0">
  <testcase name="SignUp" time="33.755" classname="com.test.HomePageTest"/>
</testsuite> <!-- com.test.HomePageTest -->
